
> word-imposter-game@0.0.0 dev
> vite --host

Re-optimizing dependencies because vite config has changed

  VITE v5.4.21  ready in 311 ms

  ➜  Local:   http://localhost:5173/
  ➜  Network: http://192.168.0.2:5173/
8:33:32 PM [vite] hmr update /src/index.css, /src/App.jsx, /src/components/ScreenLobby.jsx, /src/components/ScreenGame.jsx, /src/components/ScreenVote.jsx, /src/components/ScreenResult.jsx, /src/components/Chat.jsx, /src/components/HistoryModal.jsx
8:33:47 PM [vite] hmr update /src/components/ScreenLobby.jsx, /src/index.css
8:38:56 PM [vite] hmr update /src/App.jsx, /src/index.css, /src/components/ScreenLobby.jsx, /src/components/ScreenGame.jsx, /src/components/ScreenVote.jsx, /src/components/ScreenResult.jsx, /src/components/Chat.jsx, /src/components/HistoryModal.jsx
8:40:27 PM [vite] hmr update /src/components/ScreenGame.jsx, /src/index.css
8:42:33 PM [vite] hmr update /src/components/ScreenGame.jsx, /src/index.css
8:43:07 PM [vite] hmr update /src/index.css
8:43:22 PM [vite] hmr update /src/components/ScreenLobby.jsx, /src/index.css
8:44:02 PM [vite] hmr update /src/index.css
8:50:40 PM [vite] hmr update /src/components/ScreenGame.jsx, /src/index.css
9:00:25 PM [vite] hmr update /src/index.css
9:02:06 PM [vite] hmr update /src/App.jsx, /src/index.css, /src/components/ScreenLobby.jsx, /src/components/ScreenGame.jsx, /src/components/ScreenVote.jsx, /src/components/ScreenResult.jsx, /src/components/Chat.jsx, /src/components/HistoryModal.jsx
9:03:11 PM [vite] hmr update /src/components/ScreenGame.jsx, /src/index.css
10:04:53 PM [vite] hmr update /src/components/ScreenGame.jsx, /src/index.css
10:13:23 PM [vite] hmr update /src/components/ScreenGame.jsx, /src/index.css
10:13:46 PM [vite] hmr update /src/components/ScreenGame.jsx, /src/index.css
9:19:37 PM [vite] hmr update /src/components/ScreenResult.jsx, /src/index.css
9:21:04 PM [vite] hmr update /src/components/ScreenResult.jsx, /src/index.css
9:23:18 PM [vite] hmr update /src/components/ScreenGame.jsx, /src/index.css
9:24:01 PM [vite] hmr update /src/App.jsx, /src/index.css, /src/components/ScreenLobby.jsx, /src/components/ScreenGame.jsx, /src/components/ScreenVote.jsx, /src/components/ScreenResult.jsx, /src/components/Chat.jsx, /src/components/HistoryModal.jsx
9:26:05 PM [vite] hmr update /src/App.jsx, /src/index.css, /src/components/ScreenLobby.jsx, /src/components/ScreenGame.jsx, /src/components/ScreenVote.jsx, /src/components/ScreenResult.jsx, /src/components/Chat.jsx, /src/components/HistoryModal.jsx
9:27:25 PM [vite] hmr update /src/App.jsx, /src/index.css, /src/components/ScreenLobby.jsx, /src/components/ScreenGame.jsx, /src/components/ScreenVote.jsx, /src/components/ScreenResult.jsx, /src/components/Chat.jsx, /src/components/HistoryModal.jsx
9:27:37 PM [vite] hmr update /src/App.jsx, /src/index.css, /src/components/ScreenLobby.jsx, /src/components/ScreenGame.jsx, /src/components/ScreenVote.jsx, /src/components/ScreenResult.jsx, /src/components/Chat.jsx, /src/components/HistoryModal.jsx
9:29:05 PM [vite] hmr update /src/components/ScreenGame.jsx, /src/index.css
9:29:12 PM [vite] hmr update /src/components/ScreenGame.jsx, /src/index.css
9:31:00 PM [vite] hmr update /src/App.jsx, /src/index.css, /src/components/ScreenLobby.jsx, /src/components/ScreenGame.jsx, /src/components/ScreenVote.jsx, /src/components/ScreenResult.jsx, /src/components/Chat.jsx, /src/components/HistoryModal.jsx
9:32:50 PM [vite] hmr update /src/components/ScreenLobby.jsx, /src/index.css
9:33:01 PM [vite] hmr update /src/components/ScreenLobby.jsx, /src/index.css
9:37:18 PM [vite] hmr update /src/App.jsx, /src/index.css, /src/components/ScreenLobby.jsx, /src/components/ScreenGame.jsx, /src/components/ScreenVote.jsx, /src/components/ScreenResult.jsx, /src/components/Chat.jsx, /src/components/HistoryModal.jsx
9:39:25 PM [vite] hmr update /src/App.jsx, /src/index.css, /src/components/ScreenLobby.jsx, /src/components/ScreenGame.jsx, /src/components/ScreenVote.jsx, /src/components/ScreenResult.jsx, /src/components/Chat.jsx, /src/components/HistoryModal.jsx
9:43:52 PM [vite] hmr update /src/App.jsx, /src/index.css, /src/components/ScreenLobby.jsx, /src/components/ScreenGame.jsx, /src/components/ScreenVote.jsx, /src/components/ScreenResult.jsx, /src/components/Chat.jsx, /src/components/HistoryModal.jsx
9:45:17 PM [vite] hmr update /src/components/ScreenGame.jsx, /src/index.css
9:45:37 PM [vite] hmr update /src/components/ScreenVote.jsx, /src/index.css
